2023-05-08 13:30:42,664 INFO Read CSV file with 3 rows from /data/file1.csv
2023-05-08 13:30:42,867 INFO Added batch_id and timestamp columns to DataFrame
2023-05-08 13:30:58,869 INFO Wrote 3 rows to Delta Lake at /app/output/batch_1_2023-05-08-13-30-42
2023-05-08 13:30:59,734 INFO Read CSV file with 2 rows from /data/file2.csv
2023-05-08 13:31:00,145 INFO Added batch_id and timestamp columns to DataFrame
2023-05-08 13:31:06,281 INFO Wrote 2 rows to Delta Lake at /app/output/batch_1_2023-05-08-13-31-00
2023-05-08 13:35:38,414 INFO Read CSV file with 3 rows from /data/file1.csv
2023-05-08 13:35:38,926 INFO Added batch_id and timestamp columns to DataFrame
2023-05-08 13:35:56,663 INFO Wrote 3 rows to Delta Lake at /data/delta/batch_1_2023-05-08-13-35-39
2023-05-08 13:35:57,534 INFO Read CSV file with 2 rows from /data/file2.csv
2023-05-08 13:35:57,872 INFO Added batch_id and timestamp columns to DataFrame
2023-05-08 13:36:05,816 INFO Wrote 2 rows to Delta Lake at /data/delta/batch_1_2023-05-08-13-35-57
2023-05-08 13:57:52,061 INFO Read CSV file with 3 rows from /data/file1.csv
2023-05-08 13:57:52,288 INFO Added batch_id and timestamp columns to DataFrame
2023-05-08 13:58:10,147 INFO Wrote 3 rows to Delta Lake at /data/delta/batch_1_2023-05-08-13-57-52
2023-05-08 13:58:10,971 INFO Read CSV file with 2 rows from /data/file2.csv
2023-05-08 13:58:11,400 INFO Added batch_id and timestamp columns to DataFrame
2023-05-08 13:58:18,711 INFO Wrote 2 rows to Delta Lake at /data/delta/batch_1_2023-05-08-13-58-11
2023-05-08 14:05:34,936 INFO Read CSV file with 3 rows from /data/file1.csv
2023-05-08 14:05:35,069 INFO Added batch_id and timestamp columns to DataFrame
2023-05-08 14:05:51,114 INFO Wrote 3 rows to Delta Lake at /data/delta/batch_1_2023-05-08-14-05-35
2023-05-08 14:05:51,880 INFO Read CSV file with 2 rows from /data/file2.csv
2023-05-08 14:05:52,181 INFO Added batch_id and timestamp columns to DataFrame
2023-05-08 14:05:58,965 INFO Wrote 2 rows to Delta Lake at /data/delta/batch_1_2023-05-08-14-05-52
2023-05-08 14:15:30,938 INFO Read CSV file with 3 rows from /data/file1.csv
2023-05-08 14:15:32,054 INFO Added batch_id and timestamp columns to DataFrame
2023-05-08 14:15:47,712 INFO Wrote 3 rows to Delta Lake at /data/delta/batch_1_2023-05-08-14-15-32
2023-05-08 14:15:48,254 INFO Read CSV file with 2 rows from /data/file2.csv
2023-05-08 14:15:48,511 INFO Added batch_id and timestamp columns to DataFrame
2023-05-08 14:15:55,014 INFO Wrote 2 rows to Delta Lake at /data/delta/batch_1_2023-05-08-14-15-48
2023-05-08 14:17:50,998 INFO Read CSV file with 3 rows from /data/file1.csv
2023-05-08 14:17:51,255 INFO Added batch_id and timestamp columns to DataFrame
2023-05-08 14:18:14,304 INFO Wrote 3 rows to Delta Lake at /data/delta/batch_1_2023-05-08-14-17-51
2023-05-08 14:18:15,107 INFO Read CSV file with 2 rows from /data/file2.csv
2023-05-08 14:18:15,688 INFO Added batch_id and timestamp columns to DataFrame
2023-05-08 14:18:26,136 INFO Wrote 2 rows to Delta Lake at /data/delta/batch_1_2023-05-08-14-18-15
2023-05-08 14:22:40,192 INFO Read CSV file with 3 rows from /data/file1.csv
2023-05-08 14:22:40,532 INFO Added batch_id and timestamp columns to DataFrame
2023-05-08 14:22:58,202 INFO Wrote 3 rows to Delta Lake at /data/delta
2023-05-08 14:22:58,745 INFO Read CSV file with 2 rows from /data/file2.csv
2023-05-08 14:22:59,602 INFO Added batch_id and timestamp columns to DataFrame
2023-05-08 14:29:28,768 INFO Read CSV file with 3 rows from /data/file1.csv
2023-05-08 14:29:29,100 INFO Added batch_id and timestamp columns to DataFrame
2023-05-08 14:29:44,491 INFO Wrote 3 rows to Delta Lake at /data/delta
2023-05-08 14:29:45,330 INFO Read CSV file with 2 rows from /data/file2.csv
2023-05-08 14:29:46,196 INFO Added batch_id and timestamp columns to DataFrame
2023-05-08 14:35:18,740 INFO Read CSV file with 3 rows from /data/file1.csv
2023-05-08 14:35:18,840 INFO Added batch_id and timestamp columns to DataFrame
2023-05-08 14:35:36,159 INFO Wrote 3 rows to Delta Lake at /data/delta
2023-05-08 14:35:36,551 INFO Read CSV file with 2 rows from /data/file2.csv
2023-05-08 14:35:36,785 INFO Added batch_id and timestamp columns to DataFrame
2023-05-08 14:52:49,340 INFO Read CSV file with 3 rows from /data/file1.csv
2023-05-08 14:52:50,606 INFO Added batch_id and timestamp columns to DataFrame
2023-05-08 14:53:39,173 INFO Wrote 3 rows to Delta Lake at /data/delta
2023-05-08 14:53:40,078 INFO Read CSV file with 3 rows from /data/file2.csv
2023-05-08 14:53:40,171 INFO Added batch_id and timestamp columns to DataFrame
2023-05-08 14:53:50,553 INFO Wrote 3 rows to Delta Lake at /data/delta
2023-05-08 14:56:35,464 INFO Read CSV file with 3 rows from /data/file1.csv
2023-05-08 14:56:36,223 INFO Added batch_id and timestamp columns to DataFrame
2023-05-08 14:57:02,450 INFO Wrote 3 rows to Delta Lake at /data/delta
2023-05-08 14:57:02,769 INFO Read CSV file with 3 rows from /data/file2.csv
2023-05-08 14:57:02,822 INFO Added batch_id and timestamp columns to DataFrame
2023-05-08 14:57:08,000 INFO Wrote 3 rows to Delta Lake at /data/delta
2023-05-08 14:59:08,355 INFO Read CSV file with 3 rows from /data/file1.csv
2023-05-08 14:59:08,839 INFO Added batch_id and timestamp columns to DataFrame
2023-05-08 14:59:21,494 INFO Wrote 3 rows to Delta Lake at /data/delta
2023-05-08 14:59:26,250 INFO Read CSV file with 3 rows from /data/file2.csv
2023-05-08 14:59:26,365 INFO Added batch_id and timestamp columns to DataFrame
2023-05-08 14:59:37,259 INFO Wrote 3 rows to Delta Lake at /data/delta
2023-05-08 15:06:45,477 INFO Read CSV file with 3 rows from /data/file1.csv
2023-05-08 15:06:45,908 INFO Added batch_id and timestamp columns to DataFrame
2023-05-08 15:07:01,799 INFO Wrote 3 rows to Delta Lake at /data/delta
2023-05-08 15:07:04,684 INFO Read CSV file with 3 rows from /data/file2.csv
2023-05-08 15:07:04,703 INFO Added batch_id and timestamp columns to DataFrame
2023-05-08 15:07:14,446 INFO Wrote 3 rows to Delta Lake at /data/delta
2023-05-08 15:14:08,647 INFO Read CSV file with 3 rows from /data/file1.csv
2023-05-08 15:14:09,426 INFO Added batch_id and timestamp columns to DataFrame
2023-05-08 15:14:28,795 INFO Wrote 3 rows to Delta Lake at /data/delta
2023-05-08 15:14:31,956 INFO Read CSV file with 3 rows from /data/file2.csv
2023-05-08 15:14:32,077 INFO Added batch_id and timestamp columns to DataFrame
2023-05-08 15:14:45,072 INFO Wrote 3 rows to Delta Lake at /data/delta
2023-05-08 17:11:44,139 INFO Read CSV file with 3 rows from /data/file1.csv
2023-05-08 17:11:45,674 INFO Added batch_id and timestamp columns to DataFrame
2023-05-08 17:12:07,899 INFO Wrote 3 rows to Delta Lake at /data/delta
2023-05-08 17:12:10,499 INFO Read CSV file with 3 rows from /data/file2.csv
2023-05-08 17:12:10,555 INFO Added batch_id and timestamp columns to DataFrame
2023-05-08 17:12:22,359 INFO Wrote 3 rows to Delta Lake at /data/delta
2023-05-08 18:44:28,894 INFO Read CSV file with 3 rows from /data/file1.csv
2023-05-08 18:44:30,867 INFO Added batch_id and timestamp columns to DataFrame
2023-05-08 18:45:03,739 INFO Wrote 3 rows to Delta Lake at /data/delta
2023-05-08 18:45:10,245 INFO Read CSV file with 3 rows from /data/file2.csv
2023-05-08 18:45:10,458 INFO Added batch_id and timestamp columns to DataFrame
2023-05-08 18:45:31,934 INFO Wrote 3 rows to Delta Lake at /data/delta
2023-05-08 18:49:25,471 INFO Read CSV file with 3 rows from /data/file1.csv
2023-05-08 18:49:26,801 INFO Added batch_id and timestamp columns to DataFrame
2023-05-08 18:49:56,178 INFO Wrote 3 rows to Delta Lake at /data/delta
2023-05-08 18:50:00,654 INFO Read CSV file with 3 rows from /data/file2.csv
2023-05-08 18:50:00,796 INFO Added batch_id and timestamp columns to DataFrame
2023-05-08 18:50:16,580 INFO Wrote 3 rows to Delta Lake at /data/delta
2023-05-08 18:54:54,539 INFO Read CSV file with 3 rows from /data/file1.csv
2023-05-08 18:54:55,319 INFO Added batch_id and timestamp columns to DataFrame
2023-05-08 18:55:19,417 INFO Wrote 3 rows to Delta Lake at /data/delta
2023-05-08 18:55:23,901 INFO Read CSV file with 3 rows from /data/file2.csv
2023-05-08 18:55:24,027 INFO Added batch_id and timestamp columns to DataFrame
2023-05-08 18:55:41,603 INFO Wrote 3 rows to Delta Lake at /data/delta
2023-05-08 19:05:56,002 INFO Read CSV file with 3 rows from /data/file1.csv
2023-05-08 19:05:57,144 INFO Added batch_id and timestamp columns to DataFrame
2023-05-08 19:06:31,569 INFO Wrote 3 rows to Delta Lake at /data/delta
2023-05-08 19:06:37,130 INFO Read CSV file with 3 rows from /data/file2.csv
2023-05-08 19:06:37,259 INFO Added batch_id and timestamp columns to DataFrame
2023-05-08 19:06:55,513 INFO Wrote 3 rows to Delta Lake at /data/delta
2023-05-08 19:07:54,960 INFO Read CSV file with 3 rows from /data/file1.csv
2023-05-08 19:07:56,320 INFO Added batch_id and timestamp columns to DataFrame
2023-05-08 19:08:37,329 INFO Wrote 3 rows to Delta Lake at /data/delta
2023-05-08 19:08:43,038 INFO Read CSV file with 3 rows from /data/file2.csv
2023-05-08 19:08:43,240 INFO Added batch_id and timestamp columns to DataFrame
2023-05-08 19:09:00,885 INFO Wrote 3 rows to Delta Lake at /data/delta
2023-05-08 19:36:26,587 INFO Read CSV file with 3 rows from /data/file1.csv
2023-05-08 19:36:27,399 INFO Added batch_id and timestamp columns to DataFrame
2023-05-09 07:40:52,394 INFO Read CSV file with 3 rows from /data/file1.csv
2023-05-09 07:40:52,958 INFO Added batch_id and timestamp columns to DataFrame
2023-05-09 07:41:10,781 INFO Wrote 3 rows to Delta Lake at /data/delta
2023-05-09 07:41:14,637 INFO Read CSV file with 3 rows from /data/file2.csv
2023-05-09 07:41:14,762 INFO Added batch_id and timestamp columns to DataFrame
2023-05-09 07:41:24,775 INFO Wrote 3 rows to Delta Lake at /data/delta
2023-05-09 08:32:52,658 INFO Read CSV file with 3 rows from /data/file1.csv
2023-05-09 08:32:53,763 INFO Added batch_id and timestamp columns to DataFrame
2023-05-09 08:33:11,849 INFO Wrote 3 rows to Delta Lake at /data/delta
2023-05-09 08:33:15,232 INFO Read CSV file with 3 rows from /data/file2.csv
2023-05-09 08:33:15,265 INFO Added batch_id and timestamp columns to DataFrame
2023-05-09 08:33:26,360 INFO Wrote 3 rows to Delta Lake at /data/delta
2023-05-09 12:25:39,070 INFO Read CSV file with 3 rows from /data/file1.csv
2023-05-09 12:25:40,204 INFO Added batch_id and timestamp columns to DataFrame
2023-05-09 12:26:30,323 INFO Wrote 3 rows to Delta Lake at /data/delta
2023-05-09 12:26:36,143 INFO Read CSV file with 3 rows from /data/file2.csv
2023-05-09 12:26:36,241 INFO Added batch_id and timestamp columns to DataFrame
2023-05-09 12:26:50,457 INFO Wrote 3 rows to Delta Lake at /data/delta
2023-05-09 12:32:07,002 INFO Read CSV file with 3 rows from /data/file1.csv
2023-05-09 12:32:07,881 INFO Added batch_id and timestamp columns to DataFrame
2023-05-09 12:32:38,307 INFO Wrote 3 rows to Delta Lake at /data/delta
2023-05-09 12:32:43,570 INFO Read CSV file with 3 rows from /data/file2.csv
2023-05-09 12:32:43,700 INFO Added batch_id and timestamp columns to DataFrame
2023-05-09 12:32:58,270 INFO Wrote 3 rows to Delta Lake at /data/delta
2023-05-09 12:46:35,393 INFO Read CSV file with 3 rows from /data/file1.csv
2023-05-09 12:46:36,547 INFO Added batch_id and timestamp columns to DataFrame
2023-05-09 12:47:02,857 INFO Wrote 3 rows to Delta Lake at /data/delta
2023-05-09 12:47:08,272 INFO Read CSV file with 3 rows from /data/file2.csv
2023-05-09 12:47:08,420 INFO Added batch_id and timestamp columns to DataFrame
2023-05-09 12:47:28,671 INFO Wrote 3 rows to Delta Lake at /data/delta
2023-05-09 13:14:13,211 INFO Read CSV file with 3 rows from /data/file1.csv
2023-05-09 13:14:16,163 INFO Added batch_id and timestamp columns to DataFrame
2023-05-09 13:15:02,109 INFO Wrote 3 rows to Delta Lake at /data/delta
2023-05-09 13:15:06,992 INFO Read CSV file with 3 rows from /data/file2.csv
2023-05-09 13:15:07,067 INFO Added batch_id and timestamp columns to DataFrame
2023-05-09 13:15:32,817 INFO Wrote 3 rows to Delta Lake at /data/delta
2023-05-11 11:13:15,573 INFO Read CSV file with 3 rows from /data/file1.csv
2023-05-11 11:13:31,657 INFO Added batch_id and timestamp columns to DataFrame
2023-05-11 11:15:22,146 INFO Read CSV file with 3 rows from /data/file1.csv
2023-05-11 11:16:41,186 INFO Read CSV file with 3 rows from /data/file1.csv
2023-05-11 11:16:41,186 INFO Read CSV file with 3 rows from /data/file1.csv
2023-05-11 11:17:21,755 INFO Read CSV file with 3 rows from /data/file1.csv
2023-05-11 11:17:21,755 INFO Read CSV file with 3 rows from /data/file1.csv
2023-05-11 11:17:21,755 INFO Read CSV file with 3 rows from /data/file1.csv
2023-05-11 11:46:44,448 INFO Read CSV file with 3 rows from /data/file1.csv
2023-05-11 11:46:54,498 INFO Added batch_id and timestamp columns to DataFrame
2023-05-11 12:24:15,877 INFO Read CSV file with 3 rows from /data/file1.csv
2023-05-11 12:24:26,446 INFO Added batch_id and timestamp columns to DataFrame
2023-05-11 12:36:24,147 INFO Read CSV file with 3 rows from /data/file1.csv
2023-05-11 12:36:34,949 INFO Added batch_id and timestamp columns to DataFrame
2023-05-11 12:40:04,214 INFO Read CSV file with 3 rows from /data/file1.csv
2023-05-11 12:40:12,652 INFO Added batch_id and timestamp columns to DataFrame
2023-05-11 12:42:59,381 INFO Read CSV file with 3 rows from /data/file1.csv
2023-05-11 12:43:11,509 INFO Added batch_id and timestamp columns to DataFrame
2023-05-11 13:01:37,672 INFO Read CSV file with 3 rows from /data/file1.csv
2023-05-11 13:01:46,460 INFO Added batch_id and timestamp columns to DataFrame
2023-05-11 13:04:01,772 INFO Read CSV file with 3 rows from /data/file1.csv
2023-05-11 13:04:32,078 INFO Read CSV file with 3 rows from /data/file1.csv
2023-05-11 13:04:41,896 INFO Added batch_id and timestamp columns to DataFrame
2023-05-11 16:41:03,656 INFO Read CSV file with 3 rows from /data/file1.csv
2023-05-11 16:41:17,842 INFO Added batch_id and timestamp columns to DataFrame
2023-05-11 16:46:34,990 INFO Read CSV file with 3 rows from /data/file1.csv
2023-05-11 16:46:47,382 INFO Added batch_id and timestamp columns to DataFrame
2023-05-11 16:47:47,751 INFO Read CSV file with 3 rows from /data/file1.csv
2023-05-11 16:47:58,245 INFO Added batch_id and timestamp columns to DataFrame
2023-05-11 17:03:03,000 INFO Read CSV file with 3 rows from /data/file1.csv
2023-05-11 17:03:15,428 INFO Added batch_id and timestamp columns to DataFrame
2023-05-11 17:07:39,031 INFO Read CSV file with 3 rows from /data/file1.csv
2023-05-11 17:07:49,090 INFO Added batch_id and timestamp columns to DataFrame
2023-05-11 17:32:14,366 INFO Read CSV file with 3 rows from /data/file1.csv
2023-05-11 17:32:25,138 INFO Added batch_id and timestamp columns to DataFrame
2023-05-11 17:41:18,114 INFO Read CSV file with 3 rows from /data/file1.csv
2023-05-11 17:41:31,917 INFO Added batch_id and timestamp columns to DataFrame
2023-05-11 17:42:30,502 INFO Read CSV file with 3 rows from /data/file1.csv
2023-05-11 17:42:41,104 INFO Added batch_id and timestamp columns to DataFrame
